[debug] [2017-06-07T20:51:13.664Z] ----------------------------------------------------------------------
[debug] [2017-06-07T20:51:13.666Z] Command:      /usr/local/bin/node /home/kyle/Documents/projects/react/quote-machine/quote-machine/node_modules/.bin/firebase deploy
[debug] [2017-06-07T20:51:13.667Z] CLI Version:  3.9.1
[debug] [2017-06-07T20:51:13.667Z] Platform:     linux
[debug] [2017-06-07T20:51:13.667Z] Node Version: v7.10.0
[debug] [2017-06-07T20:51:13.667Z] Time:         Wed Jun 07 2017 14:51:13 GMT-0600 (MDT)
[debug] [2017-06-07T20:51:13.667Z] ----------------------------------------------------------------------
[debug] 
[debug] [2017-06-07T20:51:13.677Z] > command requires scopes: ["email","openid","https://www.googleapis.com/auth/cloudplatformprojects.readonly","https://www.googleapis.com/auth/firebase","https://www.googleapis.com/auth/cloud-platform"]
[debug] [2017-06-07T20:51:13.677Z] > authorizing via signed-in user
[debug] [2017-06-07T20:51:13.679Z] > refreshing access token with scopes: ["email","https://www.googleapis.com/auth/cloud-platform","https://www.googleapis.com/auth/cloudplatformprojects.readonly","https://www.googleapis.com/auth/firebase","openid"]
[debug] [2017-06-07T20:51:13.679Z] >>> HTTP REQUEST POST https://www.googleapis.com/oauth2/v3/token { refresh_token: '1/7unLZGvJYwtRyb37JRPQnfCb4Xrz1Qv44bn2EZfd-2JrQVnjmwVaChEusci9Ldqc',
  client_id: '563584335869-fgrhgmd47bqnekij5i8b5pr03ho849e6.apps.googleusercontent.com',
  client_secret: 'j9iVZfS8kkCEFUPaAeJV0sAi',
  grant_type: 'refresh_token',
  scope: 'email https://www.googleapis.com/auth/cloud-platform https://www.googleapis.com/auth/cloudplatformprojects.readonly https://www.googleapis.com/auth/firebase openid' } 
 Wed Jun 07 2017 14:51:13 GMT-0600 (MDT)
[debug] [2017-06-07T20:51:14.083Z] <<< HTTP RESPONSE 200
[debug] [2017-06-07T20:51:14.099Z] >>> HTTP REQUEST GET https://admin.firebase.com/v1/projects/quote-machine-aac9a  
 Wed Jun 07 2017 14:51:14 GMT-0600 (MDT)
[debug] [2017-06-07T20:51:46.886Z] <<< HTTP RESPONSE 500
[debug] [2017-06-07T20:51:46.886Z] <<< HTTP RESPONSE BODY
[info] 
[warn] ⚠  Your CLI authentication needs to be updated to take advantage of new features.
[warn] ⚠  Please run firebase login --reauth
[info] 
[debug] [2017-06-07T20:51:46.894Z] > command requires scopes: ["email","openid","https://www.googleapis.com/auth/cloudplatformprojects.readonly","https://www.googleapis.com/auth/firebase"]
[debug] [2017-06-07T20:51:46.894Z] > authorizing via signed-in user
[debug] [2017-06-07T20:51:46.895Z] > refreshing access token with scopes: ["email","https://www.googleapis.com/auth/cloudplatformprojects.readonly","https://www.googleapis.com/auth/firebase","openid"]
[debug] [2017-06-07T20:51:46.895Z] >>> HTTP REQUEST POST https://www.googleapis.com/oauth2/v3/token { refresh_token: '1/7unLZGvJYwtRyb37JRPQnfCb4Xrz1Qv44bn2EZfd-2JrQVnjmwVaChEusci9Ldqc',
  client_id: '563584335869-fgrhgmd47bqnekij5i8b5pr03ho849e6.apps.googleusercontent.com',
  client_secret: 'j9iVZfS8kkCEFUPaAeJV0sAi',
  grant_type: 'refresh_token',
  scope: 'email https://www.googleapis.com/auth/cloudplatformprojects.readonly https://www.googleapis.com/auth/firebase openid' } 
 Wed Jun 07 2017 14:51:46 GMT-0600 (MDT)
[debug] [2017-06-07T20:51:47.402Z] <<< HTTP RESPONSE 200
[debug] [2017-06-07T20:51:47.414Z] >>> HTTP REQUEST GET https://admin.firebase.com/v1/projects/quote-machine-aac9a  
 Wed Jun 07 2017 14:51:47 GMT-0600 (MDT)
[debug] [2017-06-07T20:52:33.717Z] <<< HTTP RESPONSE 500
[debug] [2017-06-07T20:52:33.717Z] <<< HTTP RESPONSE BODY
[error] 
[error] Error: HTTP Error: 500, An unknown error occurred. Please contact support.
[debug] [2017-06-07T20:52:33.722Z] Error Context: {
  "body": {
    "error": {
      "code": "UNKNOWN_ERROR",
      "message": "An unknown error occurred. Please contact support."
    }
  },
  "response": {
    "statusCode": 500,
    "body": {
      "error": {
        "code": "UNKNOWN_ERROR",
        "message": "An unknown error occurred. Please contact support."
      }
    },
    "headers": {
      "server": "nginx",
      "date": "Wed, 07 Jun 2017 20:52:29 GMT",
      "content-type": "application/json; charset=utf-8",
      "content-length": "97",
      "connection": "close",
      "x-content-type-options": "nosniff"
    },
    "request": {
      "uri": {
        "protocol": "https:",
        "slashes": true,
        "auth": null,
        "host": "admin.firebase.com",
        "port": 443,
        "hostname": "admin.firebase.com",
        "hash": null,
        "search": null,
        "query": null,
        "pathname": "/v1/projects/quote-machine-aac9a",
        "path": "/v1/projects/quote-machine-aac9a",
        "href": "https://admin.firebase.com/v1/projects/quote-machine-aac9a"
      },
      "method": "GET"
    }
  }
}
